Determining if the pthread_create exist failed with the following output:
Change Dir: /home/fayo98/aamfsd_orb2_v3_ws/build/octomap_ros/CMakeFiles/CMakeTmp

Run Build Command:"/usr/bin/make" "cmTC_24bdf/fast"
/usr/bin/make -f CMakeFiles/cmTC_24bdf.dir/build.make CMakeFiles/cmTC_24bdf.dir/build
make[1]: Entering directory '/home/fayo98/aamfsd_orb2_v3_ws/build/octomap_ros/CMakeFiles/CMakeTmp'
Building C object CMakeFiles/cmTC_24bdf.dir/CheckSymbolExists.c.o
/usr/bin/cc     -o CMakeFiles/cmTC_24bdf.dir/CheckSymbolExists.c.o   -c /home/fayo98/aamfsd_orb2_v3_ws/build/octomap_ros/CMakeFiles/CMakeTmp/CheckSymbolExists.c
Linking C executable cmTC_24bdf
/usr/bin/cmake -E cmake_link_script CMakeFiles/cmTC_24bdf.dir/link.txt --verbose=1
/usr/bin/cc       CMakeFiles/cmTC_24bdf.dir/CheckSymbolExists.c.o  -o cmTC_24bdf -rdynamic 
CMakeFiles/cmTC_24bdf.dir/CheckSymbolExists.c.o: In function `main':
CheckSymbolExists.c:(.text+0x16): undefined reference to `pthread_create'
collect2: error: ld returned 1 exit status
CMakeFiles/cmTC_24bdf.dir/build.make:97: recipe for target 'cmTC_24bdf' failed
make[1]: *** [cmTC_24bdf] Error 1
make[1]: Leaving directory '/home/fayo98/aamfsd_orb2_v3_ws/build/octomap_ros/CMakeFiles/CMakeTmp'
Makefile:126: recipe for target 'cmTC_24bdf/fast' failed
make: *** [cmTC_24bdf/fast] Error 2

File /home/fayo98/aamfsd_orb2_v3_ws/build/octomap_ros/CMakeFiles/CMakeTmp/CheckSymbolExists.c:
/* */
#include <pthread.h>

int main(int argc, char** argv)
{
  (void)argv;
#ifndef pthread_create
  return ((int*)(&pthread_create))[argc];
#else
  (void)argc;
  return 0;
#endif
}

Determining if the function pthread_create exists in the pthreads failed with the following output:
Change Dir: /home/fayo98/aamfsd_orb2_v3_ws/build/octomap_ros/CMakeFiles/CMakeTmp

Run Build Command:"/usr/bin/make" "cmTC_9b466/fast"
/usr/bin/make -f CMakeFiles/cmTC_9b466.dir/build.make CMakeFiles/cmTC_9b466.dir/build
make[1]: Entering directory '/home/fayo98/aamfsd_orb2_v3_ws/build/octomap_ros/CMakeFiles/CMakeTmp'
Building C object CMakeFiles/cmTC_9b466.dir/CheckFunctionExists.c.o
/usr/bin/cc    -DCHECK_FUNCTION_EXISTS=pthread_create   -o CMakeFiles/cmTC_9b466.dir/CheckFunctionExists.c.o   -c /usr/share/cmake-3.5/Modules/CheckFunctionExists.c
Linking C executable cmTC_9b466
/usr/bin/cmake -E cmake_link_script CMakeFiles/cmTC_9b466.dir/link.txt --verbose=1
/usr/bin/cc   -DCHECK_FUNCTION_EXISTS=pthread_create    CMakeFiles/cmTC_9b466.dir/CheckFunctionExists.c.o  -o cmTC_9b466 -rdynamic -lpthreads 
/usr/bin/ld: cannot find -lpthreads
collect2: error: ld returned 1 exit status
CMakeFiles/cmTC_9b466.dir/build.make:97: recipe for target 'cmTC_9b466' failed
make[1]: *** [cmTC_9b466] Error 1
make[1]: Leaving directory '/home/fayo98/aamfsd_orb2_v3_ws/build/octomap_ros/CMakeFiles/CMakeTmp'
Makefile:126: recipe for target 'cmTC_9b466/fast' failed
make: *** [cmTC_9b466/fast] Error 2


