Determining if the pthread_create exist failed with the following output:
Change Dir: /home/fayo98/aamfsd_orb2_v3_ws/build/aamfsd_description/CMakeFiles/CMakeTmp

Run Build Command:"/usr/bin/make" "cmTC_207b0/fast"
/usr/bin/make -f CMakeFiles/cmTC_207b0.dir/build.make CMakeFiles/cmTC_207b0.dir/build
make[1]: Entering directory '/home/fayo98/aamfsd_orb2_v3_ws/build/aamfsd_description/CMakeFiles/CMakeTmp'
Building C object CMakeFiles/cmTC_207b0.dir/CheckSymbolExists.c.o
/usr/bin/cc     -o CMakeFiles/cmTC_207b0.dir/CheckSymbolExists.c.o   -c /home/fayo98/aamfsd_orb2_v3_ws/build/aamfsd_description/CMakeFiles/CMakeTmp/CheckSymbolExists.c
Linking C executable cmTC_207b0
/usr/bin/cmake -E cmake_link_script CMakeFiles/cmTC_207b0.dir/link.txt --verbose=1
/usr/bin/cc       CMakeFiles/cmTC_207b0.dir/CheckSymbolExists.c.o  -o cmTC_207b0 -rdynamic 
CMakeFiles/cmTC_207b0.dir/CheckSymbolExists.c.o: In function `main':
CheckSymbolExists.c:(.text+0x16): undefined reference to `pthread_create'
collect2: error: ld returned 1 exit status
CMakeFiles/cmTC_207b0.dir/build.make:97: recipe for target 'cmTC_207b0' failed
make[1]: *** [cmTC_207b0] Error 1
make[1]: Leaving directory '/home/fayo98/aamfsd_orb2_v3_ws/build/aamfsd_description/CMakeFiles/CMakeTmp'
Makefile:126: recipe for target 'cmTC_207b0/fast' failed
make: *** [cmTC_207b0/fast] Error 2

File /home/fayo98/aamfsd_orb2_v3_ws/build/aamfsd_description/CMakeFiles/CMakeTmp/CheckSymbolExists.c:
/* */
#include <pthread.h>

int main(int argc, char** argv)
{
  (void)argv;
#ifndef pthread_create
  return ((int*)(&pthread_create))[argc];
#else
  (void)argc;
  return 0;
#endif
}

Determining if the function pthread_create exists in the pthreads failed with the following output:
Change Dir: /home/fayo98/aamfsd_orb2_v3_ws/build/aamfsd_description/CMakeFiles/CMakeTmp

Run Build Command:"/usr/bin/make" "cmTC_4d47e/fast"
/usr/bin/make -f CMakeFiles/cmTC_4d47e.dir/build.make CMakeFiles/cmTC_4d47e.dir/build
make[1]: Entering directory '/home/fayo98/aamfsd_orb2_v3_ws/build/aamfsd_description/CMakeFiles/CMakeTmp'
Building C object CMakeFiles/cmTC_4d47e.dir/CheckFunctionExists.c.o
/usr/bin/cc    -DCHECK_FUNCTION_EXISTS=pthread_create   -o CMakeFiles/cmTC_4d47e.dir/CheckFunctionExists.c.o   -c /usr/share/cmake-3.5/Modules/CheckFunctionExists.c
Linking C executable cmTC_4d47e
/usr/bin/cmake -E cmake_link_script CMakeFiles/cmTC_4d47e.dir/link.txt --verbose=1
/usr/bin/cc   -DCHECK_FUNCTION_EXISTS=pthread_create    CMakeFiles/cmTC_4d47e.dir/CheckFunctionExists.c.o  -o cmTC_4d47e -rdynamic -lpthreads 
/usr/bin/ld: cannot find -lpthreads
collect2: error: ld returned 1 exit status
CMakeFiles/cmTC_4d47e.dir/build.make:97: recipe for target 'cmTC_4d47e' failed
make[1]: *** [cmTC_4d47e] Error 1
make[1]: Leaving directory '/home/fayo98/aamfsd_orb2_v3_ws/build/aamfsd_description/CMakeFiles/CMakeTmp'
Makefile:126: recipe for target 'cmTC_4d47e/fast' failed
make: *** [cmTC_4d47e/fast] Error 2


